2021-02-21 17:57:51.517  INFO 12788 --- [restartedMain] c.a.p.a.a.PhotoAppApiAlbumsApplication   : No active profile set, falling back to default profiles: default
2021-02-21 17:57:53.468  WARN 12788 --- [restartedMain] o.s.boot.actuate.endpoint.EndpointId     : Endpoint ID 'service-registry' contains invalid characters, please migrate to a valid format.
2021-02-21 17:57:53.846  INFO 12788 --- [restartedMain] o.s.cloud.context.scope.GenericScope     : BeanFactory id=fce5687c-8caa-3de7-86f9-d6b89e9c58f8
2021-02-21 17:57:53.995  INFO 12788 --- [restartedMain] trationDelegate$BeanPostProcessorChecker : Bean 'org.springframework.cloud.autoconfigure.ConfigurationPropertiesRebinderAutoConfiguration' of type [org.springframework.cloud.autoconfigure.ConfigurationPropertiesRebinderAutoConfiguration$$EnhancerBySpringCGLIB$$ba8aea93] is not eligible for getting processed by all BeanPostProcessors (for example: not eligible for auto-proxying)
2021-02-21 17:57:55.062  INFO 12788 --- [restartedMain] o.s.b.w.embedded.tomcat.TomcatWebServer  : Tomcat initialized with port(s): 0 (http)
2021-02-21 17:57:55.104  INFO 12788 --- [restartedMain] o.apache.catalina.core.StandardService   : Starting service [Tomcat]
2021-02-21 17:57:55.104  INFO 12788 --- [restartedMain] org.apache.catalina.core.StandardEngine  : Starting Servlet engine: [Apache Tomcat/9.0.14]
2021-02-21 17:57:55.122  INFO 12788 --- [restartedMain] o.a.catalina.core.AprLifecycleListener   : The APR based Apache Tomcat Native library which allows optimal performance in production environments was not found on the java.library.path: [C:\STS\sts-4.8.1.RELEASE\plugins\org.eclipse.justj.openjdk.hotspot.jre.full.win32.x86_64_15.0.0.v20201014-1246\jre\bin;C:\WINDOWS\Sun\Java\bin;C:\WINDOWS\system32;C:\WINDOWS;C:/STS/sts-4.8.1.RELEASE//plugins/org.eclipse.justj.openjdk.hotspot.jre.full.win32.x86_64_15.0.0.v20201014-1246/jre/bin/server;C:/STS/sts-4.8.1.RELEASE//plugins/org.eclipse.justj.openjdk.hotspot.jre.full.win32.x86_64_15.0.0.v20201014-1246/jre/bin;C:\Program Files (x86)\Common Files\Oracle\Java\javapath;C:\WINDOWS\system32;C:\WINDOWS;C:\WINDOWS\System32\Wbem;C:\WINDOWS\System32\WindowsPowerShell\v1.0\;C:\WINDOWS\System32\OpenSSH\;C:\Program Files\Java\jre1.8.0_261\bin;C:\Program Files\Git\cmd;C:\Program Files\Docker\Docker\resources\bin;C:\ProgramData\DockerDesktop\version-bin;C:\ProgramData\chocolatey\bin;C:\Users\ashwi\AppData\Local\Microsoft\WindowsApps;C:\Users\ashwi\Anaconda3;C:\Gradle\gradle-5.1.1\bin;;C:\STS\sts-4.8.1.RELEASE;;.]
2021-02-21 17:57:55.398  INFO 12788 --- [restartedMain] o.a.c.c.C.[Tomcat].[localhost].[/]       : Initializing Spring embedded WebApplicationContext
2021-02-21 17:57:55.398  INFO 12788 --- [restartedMain] o.s.web.context.ContextLoader            : Root WebApplicationContext: initialization completed in 3856 ms
2021-02-21 17:57:55.623  WARN 12788 --- [restartedMain] c.n.c.sources.URLConfigurationSource     : No URLs will be polled as dynamic configuration sources.
2021-02-21 17:57:55.624  INFO 12788 --- [restartedMain] c.n.c.sources.URLConfigurationSource     : To enable URLs as dynamic configuration sources, define System property archaius.configurationSource.additionalUrls or make config.properties available on classpath.
2021-02-21 17:57:55.664  INFO 12788 --- [restartedMain] c.netflix.config.DynamicPropertyFactory  : DynamicPropertyFactory is initialized with configuration sources: com.netflix.config.ConcurrentCompositeConfiguration@3ef6f2b9
2021-02-21 17:57:56.594  WARN 12788 --- [restartedMain] c.n.c.sources.URLConfigurationSource     : No URLs will be polled as dynamic configuration sources.
2021-02-21 17:57:56.597  INFO 12788 --- [restartedMain] c.n.c.sources.URLConfigurationSource     : To enable URLs as dynamic configuration sources, define System property archaius.configurationSource.additionalUrls or make config.properties available on classpath.
2021-02-21 17:57:56.967  INFO 12788 --- [restartedMain] o.s.s.concurrent.ThreadPoolTaskExecutor  : Initializing ExecutorService 'applicationTaskExecutor'
2021-02-21 17:57:57.728  INFO 12788 --- [RMI TCP Connection(4)-127.0.0.1] o.a.c.c.C.[Tomcat].[localhost].[/]       : Initializing Spring DispatcherServlet 'dispatcherServlet'
2021-02-21 17:57:57.728  INFO 12788 --- [RMI TCP Connection(4)-127.0.0.1] o.s.web.servlet.DispatcherServlet        : Initializing Servlet 'dispatcherServlet'
2021-02-21 17:57:57.774  INFO 12788 --- [RMI TCP Connection(4)-127.0.0.1] o.s.b.a.e.web.EndpointLinksResolver      : Exposing 2 endpoint(s) beneath base path '/actuator'
2021-02-21 17:57:57.833  INFO 12788 --- [restartedMain] o.s.b.d.a.OptionalLiveReloadServer       : LiveReload server is running on port 35729
2021-02-21 17:57:58.139  INFO 12788 --- [RMI TCP Connection(4)-127.0.0.1] o.s.web.servlet.DispatcherServlet        : Completed initialization in 410 ms
2021-02-21 17:57:58.397  INFO 12788 --- [restartedMain] o.s.b.w.embedded.tomcat.TomcatWebServer  : Tomcat started on port(s): 50829 (http) with context path ''
2021-02-21 17:57:58.398  INFO 12788 --- [restartedMain] .s.c.n.e.s.EurekaAutoServiceRegistration : Updating port to 50829
2021-02-21 17:57:58.408  INFO 12788 --- [restartedMain] o.s.c.n.eureka.InstanceInfoFactory       : Setting initial instance status as: STARTING
2021-02-21 17:57:58.525  INFO 12788 --- [restartedMain] com.netflix.discovery.DiscoveryClient    : Initializing Eureka in region us-east-1
2021-02-21 17:57:58.865  INFO 12788 --- [restartedMain] c.n.d.provider.DiscoveryJerseyProvider   : Using JSON encoding codec LegacyJacksonJson
2021-02-21 17:57:58.865  INFO 12788 --- [restartedMain] c.n.d.provider.DiscoveryJerseyProvider   : Using JSON decoding codec LegacyJacksonJson
2021-02-21 17:57:59.203  INFO 12788 --- [restartedMain] c.n.d.provider.DiscoveryJerseyProvider   : Using XML encoding codec XStreamXml
2021-02-21 17:57:59.203  INFO 12788 --- [restartedMain] c.n.d.provider.DiscoveryJerseyProvider   : Using XML decoding codec XStreamXml
2021-02-21 17:57:59.817  INFO 12788 --- [restartedMain] c.n.d.s.r.aws.ConfigClusterResolver      : Resolving eureka endpoints via configuration
2021-02-21 17:57:59.890  INFO 12788 --- [restartedMain] com.netflix.discovery.DiscoveryClient    : Disable delta property : false
2021-02-21 17:57:59.891  INFO 12788 --- [restartedMain] com.netflix.discovery.DiscoveryClient    : Single vip registry refresh property : null
2021-02-21 17:57:59.891  INFO 12788 --- [restartedMain] com.netflix.discovery.DiscoveryClient    : Force full registry fetch : false
2021-02-21 17:57:59.891  INFO 12788 --- [restartedMain] com.netflix.discovery.DiscoveryClient    : Application is null : false
2021-02-21 17:57:59.892  INFO 12788 --- [restartedMain] com.netflix.discovery.DiscoveryClient    : Registered Applications size is zero : true
2021-02-21 17:57:59.892  INFO 12788 --- [restartedMain] com.netflix.discovery.DiscoveryClient    : Application version is -1: true
2021-02-21 17:57:59.892  INFO 12788 --- [restartedMain] com.netflix.discovery.DiscoveryClient    : Getting all instance registry info from the eureka server
2021-02-21 17:58:00.299  INFO 12788 --- [restartedMain] com.netflix.discovery.DiscoveryClient    : The response status is 200
2021-02-21 17:58:00.309  INFO 12788 --- [restartedMain] com.netflix.discovery.DiscoveryClient    : Starting heartbeat executor: renew interval is: 30
2021-02-21 17:58:00.319  INFO 12788 --- [restartedMain] c.n.discovery.InstanceInfoReplicator     : InstanceInfoReplicator onDemand update allowed rate per min is 4
2021-02-21 17:58:00.341  INFO 12788 --- [restartedMain] com.netflix.discovery.DiscoveryClient    : Discovery Client initialized at timestamp 1613951880339 with initial instances count: 0
2021-02-21 17:58:00.343  INFO 12788 --- [restartedMain] o.s.c.n.e.s.EurekaServiceRegistry        : Registering application ALBUMS-WS with eureka with status UP
2021-02-21 17:58:00.344  INFO 12788 --- [restartedMain] com.netflix.discovery.DiscoveryClient    : Saw local status change event StatusChangeEvent [timestamp=1613951880344, current=UP, previous=STARTING]
2021-02-21 17:58:00.347  INFO 12788 --- [DiscoveryClient-InstanceInfoReplicator-0] com.netflix.discovery.DiscoveryClient    : DiscoveryClient_ALBUMS-WS/albums-ws:9f9eb1906cd8cab4a7f4d95a809f1930: registering service...
2021-02-21 17:58:00.351  INFO 12788 --- [restartedMain] c.a.p.a.a.PhotoAppApiAlbumsApplication   : Started PhotoAppApiAlbumsApplication in 11.06 seconds (JVM running for 13.235)
2021-02-21 17:58:00.504  INFO 12788 --- [DiscoveryClient-InstanceInfoReplicator-0] com.netflix.discovery.DiscoveryClient    : DiscoveryClient_ALBUMS-WS/albums-ws:9f9eb1906cd8cab4a7f4d95a809f1930 - registration status: 204
2021-02-21 17:58:30.323  INFO 12788 --- [DiscoveryClient-CacheRefreshExecutor-0] com.netflix.discovery.DiscoveryClient    : Disable delta property : false
2021-02-21 17:58:30.324  INFO 12788 --- [DiscoveryClient-CacheRefreshExecutor-0] com.netflix.discovery.DiscoveryClient    : Single vip registry refresh property : null
2021-02-21 17:58:30.327  INFO 12788 --- [DiscoveryClient-CacheRefreshExecutor-0] com.netflix.discovery.DiscoveryClient    : Force full registry fetch : false
2021-02-21 17:58:30.329  INFO 12788 --- [DiscoveryClient-CacheRefreshExecutor-0] com.netflix.discovery.DiscoveryClient    : Application is null : false
2021-02-21 17:58:30.330  INFO 12788 --- [DiscoveryClient-CacheRefreshExecutor-0] com.netflix.discovery.DiscoveryClient    : Registered Applications size is zero : true
2021-02-21 17:58:30.330  INFO 12788 --- [DiscoveryClient-CacheRefreshExecutor-0] com.netflix.discovery.DiscoveryClient    : Application version is -1: false
2021-02-21 17:58:30.330  INFO 12788 --- [DiscoveryClient-CacheRefreshExecutor-0] com.netflix.discovery.DiscoveryClient    : Getting all instance registry info from the eureka server
2021-02-21 17:58:30.424  INFO 12788 --- [DiscoveryClient-CacheRefreshExecutor-0] com.netflix.discovery.DiscoveryClient    : The response status is 200
2021-02-21 18:02:59.897  INFO 12788 --- [AsyncResolver-bootstrap-executor-0] c.n.d.s.r.aws.ConfigClusterResolver      : Resolving eureka endpoints via configuration
2021-02-21 18:07:59.908  INFO 12788 --- [AsyncResolver-bootstrap-executor-0] c.n.d.s.r.aws.ConfigClusterResolver      : Resolving eureka endpoints via configuration
2021-02-21 18:12:59.920  INFO 12788 --- [AsyncResolver-bootstrap-executor-0] c.n.d.s.r.aws.ConfigClusterResolver      : Resolving eureka endpoints via configuration
2021-02-21 18:16:05.614  INFO 12788 --- [http-nio-auto-1-exec-1] c.a.p.a.a.i.c.AlbumsController           : Returning 2 albums
2021-02-21 18:17:59.925  INFO 12788 --- [AsyncResolver-bootstrap-executor-0] c.n.d.s.r.aws.ConfigClusterResolver      : Resolving eureka endpoints via configuration
2021-02-21 18:18:21.584  INFO 12788 --- [http-nio-auto-1-exec-2] c.a.p.a.a.i.c.AlbumsController           : Returning 2 albums
2021-02-21 18:21:02.396  INFO 12788 --- [http-nio-auto-1-exec-4] c.a.p.a.a.i.c.AlbumsController           : Returning 2 albums
2021-02-21 18:22:59.939  INFO 12788 --- [AsyncResolver-bootstrap-executor-0] c.n.d.s.r.aws.ConfigClusterResolver      : Resolving eureka endpoints via configuration
2021-02-21 18:27:59.942  INFO 12788 --- [AsyncResolver-bootstrap-executor-0] c.n.d.s.r.aws.ConfigClusterResolver      : Resolving eureka endpoints via configuration
2021-02-21 18:32:59.958  INFO 12788 --- [AsyncResolver-bootstrap-executor-0] c.n.d.s.r.aws.ConfigClusterResolver      : Resolving eureka endpoints via configuration
2021-02-21 18:37:59.960  INFO 12788 --- [AsyncResolver-bootstrap-executor-0] c.n.d.s.r.aws.ConfigClusterResolver      : Resolving eureka endpoints via configuration
2021-02-21 18:42:59.972  INFO 12788 --- [AsyncResolver-bootstrap-executor-0] c.n.d.s.r.aws.ConfigClusterResolver      : Resolving eureka endpoints via configuration
2021-02-21 18:47:59.980  INFO 12788 --- [AsyncResolver-bootstrap-executor-0] c.n.d.s.r.aws.ConfigClusterResolver      : Resolving eureka endpoints via configuration
2021-02-21 18:52:59.981  INFO 12788 --- [AsyncResolver-bootstrap-executor-0] c.n.d.s.r.aws.ConfigClusterResolver      : Resolving eureka endpoints via configuration
2021-02-21 18:57:59.994  INFO 12788 --- [AsyncResolver-bootstrap-executor-0] c.n.d.s.r.aws.ConfigClusterResolver      : Resolving eureka endpoints via configuration
2021-02-21 19:42:13.458  INFO 12788 --- [AsyncResolver-bootstrap-executor-0] c.n.d.s.r.aws.ConfigClusterResolver      : Resolving eureka endpoints via configuration
2021-02-21 19:47:13.472  INFO 12788 --- [AsyncResolver-bootstrap-executor-0] c.n.d.s.r.aws.ConfigClusterResolver      : Resolving eureka endpoints via configuration
2021-02-21 19:49:08.512  INFO 12788 --- [RMI TCP Connection(77)-127.0.0.1] inMXBeanRegistrar$SpringApplicationAdmin : Application shutdown requested.
2021-02-21 19:49:08.515  INFO 12788 --- [RMI TCP Connection(77)-127.0.0.1] o.s.c.n.e.s.EurekaServiceRegistry        : Unregistering application ALBUMS-WS with eureka with status DOWN
2021-02-21 19:49:08.517  WARN 12788 --- [RMI TCP Connection(77)-127.0.0.1] com.netflix.discovery.DiscoveryClient    : Saw local status change event StatusChangeEvent [timestamp=1613958548517, current=DOWN, previous=UP]
2021-02-21 19:49:08.521  INFO 12788 --- [DiscoveryClient-InstanceInfoReplicator-0] com.netflix.discovery.DiscoveryClient    : DiscoveryClient_ALBUMS-WS/albums-ws:9f9eb1906cd8cab4a7f4d95a809f1930: registering service...
2021-02-21 19:49:08.532  INFO 12788 --- [RMI TCP Connection(77)-127.0.0.1] o.s.s.concurrent.ThreadPoolTaskExecutor  : Shutting down ExecutorService 'applicationTaskExecutor'
2021-02-21 19:49:08.533  INFO 12788 --- [DiscoveryClient-InstanceInfoReplicator-0] com.netflix.discovery.DiscoveryClient    : DiscoveryClient_ALBUMS-WS/albums-ws:9f9eb1906cd8cab4a7f4d95a809f1930 - registration status: 204
2021-02-21 19:49:08.538  INFO 12788 --- [RMI TCP Connection(77)-127.0.0.1] com.netflix.discovery.DiscoveryClient    : Shutting down DiscoveryClient ...
2021-02-21 19:49:11.541  INFO 12788 --- [RMI TCP Connection(77)-127.0.0.1] com.netflix.discovery.DiscoveryClient    : Unregistering ...
2021-02-21 19:49:11.546  INFO 12788 --- [RMI TCP Connection(77)-127.0.0.1] com.netflix.discovery.DiscoveryClient    : DiscoveryClient_ALBUMS-WS/albums-ws:9f9eb1906cd8cab4a7f4d95a809f1930 - deregister  status: 200
2021-02-21 20:15:41.357  INFO 13676 --- [restartedMain] c.a.p.a.a.PhotoAppApiAlbumsApplication   : No active profile set, falling back to default profiles: default
2021-02-21 20:15:42.339  WARN 13676 --- [restartedMain] o.s.boot.actuate.endpoint.EndpointId     : Endpoint ID 'service-registry' contains invalid characters, please migrate to a valid format.
2021-02-21 20:15:42.589  INFO 13676 --- [restartedMain] o.s.cloud.context.scope.GenericScope     : BeanFactory id=fce5687c-8caa-3de7-86f9-d6b89e9c58f8
2021-02-21 20:15:42.689  INFO 13676 --- [restartedMain] trationDelegate$BeanPostProcessorChecker : Bean 'org.springframework.cloud.autoconfigure.ConfigurationPropertiesRebinderAutoConfiguration' of type [org.springframework.cloud.autoconfigure.ConfigurationPropertiesRebinderAutoConfiguration$$EnhancerBySpringCGLIB$$eea27328] is not eligible for getting processed by all BeanPostProcessors (for example: not eligible for auto-proxying)
2021-02-21 20:15:43.374  INFO 13676 --- [restartedMain] o.s.b.w.embedded.tomcat.TomcatWebServer  : Tomcat initialized with port(s): 0 (http)
2021-02-21 20:15:43.405  INFO 13676 --- [restartedMain] o.apache.catalina.core.StandardService   : Starting service [Tomcat]
2021-02-21 20:15:43.406  INFO 13676 --- [restartedMain] org.apache.catalina.core.StandardEngine  : Starting Servlet engine: [Apache Tomcat/9.0.14]
2021-02-21 20:15:43.422  INFO 13676 --- [restartedMain] o.a.catalina.core.AprLifecycleListener   : The APR based Apache Tomcat Native library which allows optimal performance in production environments was not found on the java.library.path: [C:\STS\sts-4.8.1.RELEASE\plugins\org.eclipse.justj.openjdk.hotspot.jre.full.win32.x86_64_15.0.0.v20201014-1246\jre\bin;C:\WINDOWS\Sun\Java\bin;C:\WINDOWS\system32;C:\WINDOWS;C:/STS/sts-4.8.1.RELEASE//plugins/org.eclipse.justj.openjdk.hotspot.jre.full.win32.x86_64_15.0.0.v20201014-1246/jre/bin/server;C:/STS/sts-4.8.1.RELEASE//plugins/org.eclipse.justj.openjdk.hotspot.jre.full.win32.x86_64_15.0.0.v20201014-1246/jre/bin;C:\Program Files (x86)\Common Files\Oracle\Java\javapath;C:\WINDOWS\system32;C:\WINDOWS;C:\WINDOWS\System32\Wbem;C:\WINDOWS\System32\WindowsPowerShell\v1.0\;C:\WINDOWS\System32\OpenSSH\;C:\Program Files\Java\jre1.8.0_261\bin;C:\Program Files\Git\cmd;C:\Program Files\Docker\Docker\resources\bin;C:\ProgramData\DockerDesktop\version-bin;C:\ProgramData\chocolatey\bin;C:\Users\ashwi\AppData\Local\Microsoft\WindowsApps;C:\Users\ashwi\Anaconda3;C:\Gradle\gradle-5.1.1\bin;;C:\STS\sts-4.8.1.RELEASE;;.]
2021-02-21 20:15:43.589  INFO 13676 --- [restartedMain] o.a.c.c.C.[Tomcat].[localhost].[/]       : Initializing Spring embedded WebApplicationContext
2021-02-21 20:15:43.590  INFO 13676 --- [restartedMain] o.s.web.context.ContextLoader            : Root WebApplicationContext: initialization completed in 2217 ms
2021-02-21 20:15:43.749  WARN 13676 --- [restartedMain] c.n.c.sources.URLConfigurationSource     : No URLs will be polled as dynamic configuration sources.
2021-02-21 20:15:43.749  INFO 13676 --- [restartedMain] c.n.c.sources.URLConfigurationSource     : To enable URLs as dynamic configuration sources, define System property archaius.configurationSource.additionalUrls or make config.properties available on classpath.
2021-02-21 20:15:43.772  INFO 13676 --- [restartedMain] c.netflix.config.DynamicPropertyFactory  : DynamicPropertyFactory is initialized with configuration sources: com.netflix.config.ConcurrentCompositeConfiguration@6b49debf
2021-02-21 20:15:44.385  WARN 13676 --- [restartedMain] c.n.c.sources.URLConfigurationSource     : No URLs will be polled as dynamic configuration sources.
2021-02-21 20:15:44.387  INFO 13676 --- [restartedMain] c.n.c.sources.URLConfigurationSource     : To enable URLs as dynamic configuration sources, define System property archaius.configurationSource.additionalUrls or make config.properties available on classpath.
2021-02-21 20:15:44.603  INFO 13676 --- [restartedMain] o.s.s.concurrent.ThreadPoolTaskExecutor  : Initializing ExecutorService 'applicationTaskExecutor'
2021-02-21 20:15:44.977  WARN 13676 --- [restartedMain] o.s.b.d.a.OptionalLiveReloadServer       : Unable to start LiveReload server
2021-02-21 20:15:45.179  INFO 13676 --- [restartedMain] o.s.b.a.e.web.EndpointLinksResolver      : Exposing 2 endpoint(s) beneath base path '/actuator'
2021-02-21 20:15:45.324  INFO 13676 --- [restartedMain] o.s.b.w.embedded.tomcat.TomcatWebServer  : Tomcat started on port(s): 52410 (http) with context path ''
2021-02-21 20:15:45.325  INFO 13676 --- [restartedMain] .s.c.n.e.s.EurekaAutoServiceRegistration : Updating port to 52410
2021-02-21 20:15:45.331  INFO 13676 --- [restartedMain] o.s.c.n.eureka.InstanceInfoFactory       : Setting initial instance status as: STARTING
2021-02-21 20:15:45.409  INFO 13676 --- [restartedMain] com.netflix.discovery.DiscoveryClient    : Initializing Eureka in region us-east-1
2021-02-21 20:15:45.655  INFO 13676 --- [restartedMain] c.n.d.provider.DiscoveryJerseyProvider   : Using JSON encoding codec LegacyJacksonJson
2021-02-21 20:15:45.655  INFO 13676 --- [restartedMain] c.n.d.provider.DiscoveryJerseyProvider   : Using JSON decoding codec LegacyJacksonJson
2021-02-21 20:15:45.866  INFO 13676 --- [restartedMain] c.n.d.provider.DiscoveryJerseyProvider   : Using XML encoding codec XStreamXml
2021-02-21 20:15:45.867  INFO 13676 --- [restartedMain] c.n.d.provider.DiscoveryJerseyProvider   : Using XML decoding codec XStreamXml
2021-02-21 20:15:46.262  INFO 13676 --- [restartedMain] c.n.d.s.r.aws.ConfigClusterResolver      : Resolving eureka endpoints via configuration
2021-02-21 20:15:46.345  INFO 13676 --- [restartedMain] com.netflix.discovery.DiscoveryClient    : Disable delta property : false
2021-02-21 20:15:46.346  INFO 13676 --- [restartedMain] com.netflix.discovery.DiscoveryClient    : Single vip registry refresh property : null
2021-02-21 20:15:46.346  INFO 13676 --- [restartedMain] com.netflix.discovery.DiscoveryClient    : Force full registry fetch : false
2021-02-21 20:15:46.346  INFO 13676 --- [restartedMain] com.netflix.discovery.DiscoveryClient    : Application is null : false
2021-02-21 20:15:46.347  INFO 13676 --- [restartedMain] com.netflix.discovery.DiscoveryClient    : Registered Applications size is zero : true
2021-02-21 20:15:46.347  INFO 13676 --- [restartedMain] com.netflix.discovery.DiscoveryClient    : Application version is -1: true
2021-02-21 20:15:46.347  INFO 13676 --- [restartedMain] com.netflix.discovery.DiscoveryClient    : Getting all instance registry info from the eureka server
2021-02-21 20:15:46.397  INFO 13676 --- [RMI TCP Connection(3)-127.0.0.1] o.a.c.c.C.[Tomcat].[localhost].[/]       : Initializing Spring DispatcherServlet 'dispatcherServlet'
2021-02-21 20:15:46.398  INFO 13676 --- [RMI TCP Connection(3)-127.0.0.1] o.s.web.servlet.DispatcherServlet        : Initializing Servlet 'dispatcherServlet'
2021-02-21 20:15:46.411  INFO 13676 --- [RMI TCP Connection(3)-127.0.0.1] o.s.web.servlet.DispatcherServlet        : Completed initialization in 13 ms
2021-02-21 20:15:46.629  INFO 13676 --- [restartedMain] com.netflix.discovery.DiscoveryClient    : The response status is 200
2021-02-21 20:15:46.636  INFO 13676 --- [restartedMain] com.netflix.discovery.DiscoveryClient    : Starting heartbeat executor: renew interval is: 30
2021-02-21 20:15:46.644  INFO 13676 --- [restartedMain] c.n.discovery.InstanceInfoReplicator     : InstanceInfoReplicator onDemand update allowed rate per min is 4
2021-02-21 20:15:46.658  INFO 13676 --- [restartedMain] com.netflix.discovery.DiscoveryClient    : Discovery Client initialized at timestamp 1613960146657 with initial instances count: 1
2021-02-21 20:15:46.660  INFO 13676 --- [restartedMain] o.s.c.n.e.s.EurekaServiceRegistry        : Registering application ALBUMS-WS with eureka with status UP
2021-02-21 20:15:46.660  INFO 13676 --- [restartedMain] com.netflix.discovery.DiscoveryClient    : Saw local status change event StatusChangeEvent [timestamp=1613960146660, current=UP, previous=STARTING]
2021-02-21 20:15:46.662  INFO 13676 --- [DiscoveryClient-InstanceInfoReplicator-0] com.netflix.discovery.DiscoveryClient    : DiscoveryClient_ALBUMS-WS/albums-ws:8e8443f6dbbbff4879907c4952e85a68: registering service...
2021-02-21 20:15:46.665  INFO 13676 --- [restartedMain] c.a.p.a.a.PhotoAppApiAlbumsApplication   : Started PhotoAppApiAlbumsApplication in 6.495 seconds (JVM running for 7.657)
2021-02-21 20:15:46.683  INFO 13676 --- [DiscoveryClient-InstanceInfoReplicator-0] com.netflix.discovery.DiscoveryClient    : DiscoveryClient_ALBUMS-WS/albums-ws:8e8443f6dbbbff4879907c4952e85a68 - registration status: 204
2021-02-21 20:20:46.362  INFO 13676 --- [AsyncResolver-bootstrap-executor-0] c.n.d.s.r.aws.ConfigClusterResolver      : Resolving eureka endpoints via configuration
2021-02-21 20:24:40.007  INFO 13676 --- [http-nio-auto-1-exec-1] c.a.p.a.a.i.c.AlbumsController           : Returning 2 albums
2021-02-21 20:25:46.368  INFO 13676 --- [AsyncResolver-bootstrap-executor-0] c.n.d.s.r.aws.ConfigClusterResolver      : Resolving eureka endpoints via configuration
2021-02-21 20:30:01.630  INFO 13676 --- [RMI TCP Connection(20)-127.0.0.1] inMXBeanRegistrar$SpringApplicationAdmin : Application shutdown requested.
2021-02-21 20:30:01.633  INFO 13676 --- [RMI TCP Connection(20)-127.0.0.1] o.s.c.n.e.s.EurekaServiceRegistry        : Unregistering application ALBUMS-WS with eureka with status DOWN
2021-02-21 20:30:01.634  WARN 13676 --- [RMI TCP Connection(20)-127.0.0.1] com.netflix.discovery.DiscoveryClient    : Saw local status change event StatusChangeEvent [timestamp=1613961001634, current=DOWN, previous=UP]
2021-02-21 20:30:01.635  INFO 13676 --- [DiscoveryClient-InstanceInfoReplicator-0] com.netflix.discovery.DiscoveryClient    : DiscoveryClient_ALBUMS-WS/albums-ws:8e8443f6dbbbff4879907c4952e85a68: registering service...
2021-02-21 20:30:01.645  INFO 13676 --- [RMI TCP Connection(20)-127.0.0.1] o.s.s.concurrent.ThreadPoolTaskExecutor  : Shutting down ExecutorService 'applicationTaskExecutor'
2021-02-21 20:30:01.649  INFO 13676 --- [DiscoveryClient-InstanceInfoReplicator-0] com.netflix.discovery.DiscoveryClient    : DiscoveryClient_ALBUMS-WS/albums-ws:8e8443f6dbbbff4879907c4952e85a68 - registration status: 204
2021-02-21 20:30:01.653  INFO 13676 --- [RMI TCP Connection(20)-127.0.0.1] com.netflix.discovery.DiscoveryClient    : Shutting down DiscoveryClient ...
2021-02-21 20:30:04.654  INFO 13676 --- [RMI TCP Connection(20)-127.0.0.1] com.netflix.discovery.DiscoveryClient    : Unregistering ...
2021-02-21 20:30:04.664  INFO 13676 --- [RMI TCP Connection(20)-127.0.0.1] com.netflix.discovery.DiscoveryClient    : DiscoveryClient_ALBUMS-WS/albums-ws:8e8443f6dbbbff4879907c4952e85a68 - deregister  status: 200
2021-02-21 20:30:05.102  INFO 13676 --- [RMI TCP Connection(20)-127.0.0.1] com.netflix.discovery.DiscoveryClient    : Completed shut down of DiscoveryClient
2021-02-21 20:30:05.124  INFO 13676 --- [RMI TCP Connection(20)-127.0.0.1] o.apache.catalina.core.StandardService   : Stopping service [Tomcat]
2021-02-21 20:30:05.130  INFO 13676 --- [RMI TCP Connection(20)-127.0.0.1] o.a.c.c.C.[Tomcat].[localhost].[/]       : Destroying Spring FrameworkServlet 'dispatcherServlet'
2021-02-21 20:34:01.822  INFO 6508 --- [restartedMain] c.a.p.a.a.PhotoAppApiAlbumsApplication   : No active profile set, falling back to default profiles: default
2021-02-21 20:34:04.355  WARN 6508 --- [restartedMain] o.s.boot.actuate.endpoint.EndpointId     : Endpoint ID 'service-registry' contains invalid characters, please migrate to a valid format.
2021-02-21 20:34:04.881  INFO 6508 --- [restartedMain] o.s.cloud.context.scope.GenericScope     : BeanFactory id=fce5687c-8caa-3de7-86f9-d6b89e9c58f8
2021-02-21 20:34:05.163  INFO 6508 --- [restartedMain] trationDelegate$BeanPostProcessorChecker : Bean 'org.springframework.cloud.autoconfigure.ConfigurationPropertiesRebinderAutoConfiguration' of type [org.springframework.cloud.autoconfigure.ConfigurationPropertiesRebinderAutoConfiguration$$EnhancerBySpringCGLIB$$599246b5] is not eligible for getting processed by all BeanPostProcessors (for example: not eligible for auto-proxying)
2021-02-21 20:34:06.530  INFO 6508 --- [restartedMain] o.s.b.w.embedded.tomcat.TomcatWebServer  : Tomcat initialized with port(s): 0 (http)
2021-02-21 20:34:06.581  INFO 6508 --- [restartedMain] o.apache.catalina.core.StandardService   : Starting service [Tomcat]
2021-02-21 20:34:06.582  INFO 6508 --- [restartedMain] org.apache.catalina.core.StandardEngine  : Starting Servlet engine: [Apache Tomcat/9.0.14]
2021-02-21 20:34:06.600  INFO 6508 --- [restartedMain] o.a.catalina.core.AprLifecycleListener   : The APR based Apache Tomcat Native library which allows optimal performance in production environments was not found on the java.library.path: [C:\STS\sts-4.8.1.RELEASE\plugins\org.eclipse.justj.openjdk.hotspot.jre.full.win32.x86_64_15.0.0.v20201014-1246\jre\bin;C:\WINDOWS\Sun\Java\bin;C:\WINDOWS\system32;C:\WINDOWS;C:/STS/sts-4.8.1.RELEASE//plugins/org.eclipse.justj.openjdk.hotspot.jre.full.win32.x86_64_15.0.0.v20201014-1246/jre/bin/server;C:/STS/sts-4.8.1.RELEASE//plugins/org.eclipse.justj.openjdk.hotspot.jre.full.win32.x86_64_15.0.0.v20201014-1246/jre/bin;C:\Program Files (x86)\Common Files\Oracle\Java\javapath;C:\WINDOWS\system32;C:\WINDOWS;C:\WINDOWS\System32\Wbem;C:\WINDOWS\System32\WindowsPowerShell\v1.0\;C:\WINDOWS\System32\OpenSSH\;C:\Program Files\Java\jre1.8.0_261\bin;C:\Program Files\Git\cmd;C:\Program Files\Docker\Docker\resources\bin;C:\ProgramData\DockerDesktop\version-bin;C:\ProgramData\chocolatey\bin;C:\Users\ashwi\AppData\Local\Microsoft\WindowsApps;C:\Users\ashwi\Anaconda3;C:\Gradle\gradle-5.1.1\bin;;C:\STS\sts-4.8.1.RELEASE;;.]
2021-02-21 20:34:06.966  INFO 6508 --- [restartedMain] o.a.c.c.C.[Tomcat].[localhost].[/]       : Initializing Spring embedded WebApplicationContext
2021-02-21 20:34:06.967  INFO 6508 --- [restartedMain] o.s.web.context.ContextLoader            : Root WebApplicationContext: initialization completed in 5104 ms
2021-02-21 20:34:07.254  WARN 6508 --- [restartedMain] c.n.c.sources.URLConfigurationSource     : No URLs will be polled as dynamic configuration sources.
2021-02-21 20:34:07.254  INFO 6508 --- [restartedMain] c.n.c.sources.URLConfigurationSource     : To enable URLs as dynamic configuration sources, define System property archaius.configurationSource.additionalUrls or make config.properties available on classpath.
2021-02-21 20:34:07.297  INFO 6508 --- [restartedMain] c.netflix.config.DynamicPropertyFactory  : DynamicPropertyFactory is initialized with configuration sources: com.netflix.config.ConcurrentCompositeConfiguration@6efe7ed5
2021-02-21 20:34:08.865  WARN 6508 --- [restartedMain] c.n.c.sources.URLConfigurationSource     : No URLs will be polled as dynamic configuration sources.
2021-02-21 20:34:08.866  INFO 6508 --- [restartedMain] c.n.c.sources.URLConfigurationSource     : To enable URLs as dynamic configuration sources, define System property archaius.configurationSource.additionalUrls or make config.properties available on classpath.
2021-02-21 20:34:09.231  INFO 6508 --- [restartedMain] o.s.s.concurrent.ThreadPoolTaskExecutor  : Initializing ExecutorService 'applicationTaskExecutor'
2021-02-21 20:34:09.776  WARN 6508 --- [restartedMain] o.s.b.d.a.OptionalLiveReloadServer       : Unable to start LiveReload server
2021-02-21 20:34:10.095  INFO 6508 --- [restartedMain] o.s.b.a.e.web.EndpointLinksResolver      : Exposing 2 endpoint(s) beneath base path '/actuator'
2021-02-21 20:34:10.319  INFO 6508 --- [restartedMain] o.s.b.w.embedded.tomcat.TomcatWebServer  : Tomcat started on port(s): 52890 (http) with context path ''
2021-02-21 20:34:10.320  INFO 6508 --- [restartedMain] .s.c.n.e.s.EurekaAutoServiceRegistration : Updating port to 52890
2021-02-21 20:34:10.330  INFO 6508 --- [restartedMain] o.s.c.n.eureka.InstanceInfoFactory       : Setting initial instance status as: STARTING
2021-02-21 20:34:10.426  INFO 6508 --- [restartedMain] com.netflix.discovery.DiscoveryClient    : Initializing Eureka in region us-east-1
2021-02-21 20:34:10.796  INFO 6508 --- [restartedMain] c.n.d.provider.DiscoveryJerseyProvider   : Using JSON encoding codec LegacyJacksonJson
2021-02-21 20:34:10.796  INFO 6508 --- [restartedMain] c.n.d.provider.DiscoveryJerseyProvider   : Using JSON decoding codec LegacyJacksonJson
2021-02-21 20:34:11.121  INFO 6508 --- [restartedMain] c.n.d.provider.DiscoveryJerseyProvider   : Using XML encoding codec XStreamXml
2021-02-21 20:34:11.122  INFO 6508 --- [restartedMain] c.n.d.provider.DiscoveryJerseyProvider   : Using XML decoding codec XStreamXml
2021-02-21 20:34:11.797  INFO 6508 --- [RMI TCP Connection(4)-127.0.0.1] o.a.c.c.C.[Tomcat].[localhost].[/]       : Initializing Spring DispatcherServlet 'dispatcherServlet'
2021-02-21 20:34:11.797  INFO 6508 --- [RMI TCP Connection(4)-127.0.0.1] o.s.web.servlet.DispatcherServlet        : Initializing Servlet 'dispatcherServlet'
2021-02-21 20:34:11.821  INFO 6508 --- [RMI TCP Connection(4)-127.0.0.1] o.s.web.servlet.DispatcherServlet        : Completed initialization in 23 ms
2021-02-21 20:34:11.856  INFO 6508 --- [restartedMain] c.n.d.s.r.aws.ConfigClusterResolver      : Resolving eureka endpoints via configuration
2021-02-21 20:34:11.982  INFO 6508 --- [restartedMain] com.netflix.discovery.DiscoveryClient    : Disable delta property : false
2021-02-21 20:34:11.983  INFO 6508 --- [restartedMain] com.netflix.discovery.DiscoveryClient    : Single vip registry refresh property : null
2021-02-21 20:34:11.983  INFO 6508 --- [restartedMain] com.netflix.discovery.DiscoveryClient    : Force full registry fetch : false
2021-02-21 20:34:11.983  INFO 6508 --- [restartedMain] com.netflix.discovery.DiscoveryClient    : Application is null : false
2021-02-21 20:34:11.984  INFO 6508 --- [restartedMain] com.netflix.discovery.DiscoveryClient    : Registered Applications size is zero : true
2021-02-21 20:34:11.984  INFO 6508 --- [restartedMain] com.netflix.discovery.DiscoveryClient    : Application version is -1: true
2021-02-21 20:34:11.984  INFO 6508 --- [restartedMain] com.netflix.discovery.DiscoveryClient    : Getting all instance registry info from the eureka server
2021-02-21 20:34:12.183  INFO 6508 --- [restartedMain] com.netflix.discovery.DiscoveryClient    : The response status is 200
2021-02-21 20:34:12.191  INFO 6508 --- [restartedMain] com.netflix.discovery.DiscoveryClient    : Starting heartbeat executor: renew interval is: 30
2021-02-21 20:34:12.201  INFO 6508 --- [restartedMain] c.n.discovery.InstanceInfoReplicator     : InstanceInfoReplicator onDemand update allowed rate per min is 4
2021-02-21 20:34:12.220  INFO 6508 --- [restartedMain] com.netflix.discovery.DiscoveryClient    : Discovery Client initialized at timestamp 1613961252218 with initial instances count: 0
2021-02-21 20:34:12.222  INFO 6508 --- [restartedMain] o.s.c.n.e.s.EurekaServiceRegistry        : Registering application ALBUMS-WS with eureka with status UP
2021-02-21 20:34:12.223  INFO 6508 --- [restartedMain] com.netflix.discovery.DiscoveryClient    : Saw local status change event StatusChangeEvent [timestamp=1613961252223, current=UP, previous=STARTING]
2021-02-21 20:34:12.226  INFO 6508 --- [DiscoveryClient-InstanceInfoReplicator-0] com.netflix.discovery.DiscoveryClient    : DiscoveryClient_ALBUMS-WS/albums-ws:6168f741288d698c75010817e7399a1e: registering service...
2021-02-21 20:34:12.230  INFO 6508 --- [restartedMain] c.a.p.a.a.PhotoAppApiAlbumsApplication   : Started PhotoAppApiAlbumsApplication in 14.087 seconds (JVM running for 17.691)
2021-02-21 20:34:12.281  INFO 6508 --- [DiscoveryClient-InstanceInfoReplicator-0] com.netflix.discovery.DiscoveryClient    : DiscoveryClient_ALBUMS-WS/albums-ws:6168f741288d698c75010817e7399a1e - registration status: 204
2021-02-21 20:34:42.197  INFO 6508 --- [DiscoveryClient-CacheRefreshExecutor-0] com.netflix.discovery.DiscoveryClient    : Disable delta property : false
2021-02-21 20:34:42.198  INFO 6508 --- [DiscoveryClient-CacheRefreshExecutor-0] com.netflix.discovery.DiscoveryClient    : Single vip registry refresh property : null
2021-02-21 20:34:42.199  INFO 6508 --- [DiscoveryClient-CacheRefreshExecutor-0] com.netflix.discovery.DiscoveryClient    : Force full registry fetch : false
2021-02-21 20:34:42.199  INFO 6508 --- [DiscoveryClient-CacheRefreshExecutor-0] com.netflix.discovery.DiscoveryClient    : Application is null : false
2021-02-21 20:34:42.199  INFO 6508 --- [DiscoveryClient-CacheRefreshExecutor-0] com.netflix.discovery.DiscoveryClient    : Registered Applications size is zero : true
2021-02-21 20:34:42.199  INFO 6508 --- [DiscoveryClient-CacheRefreshExecutor-0] com.netflix.discovery.DiscoveryClient    : Application version is -1: false
2021-02-21 20:34:42.200  INFO 6508 --- [DiscoveryClient-CacheRefreshExecutor-0] com.netflix.discovery.DiscoveryClient    : Getting all instance registry info from the eureka server
2021-02-21 20:34:42.290  INFO 6508 --- [DiscoveryClient-CacheRefreshExecutor-0] com.netflix.discovery.DiscoveryClient    : The response status is 200
2021-02-21 20:39:11.990  INFO 6508 --- [AsyncResolver-bootstrap-executor-0] c.n.d.s.r.aws.ConfigClusterResolver      : Resolving eureka endpoints via configuration
2021-02-21 20:44:12.002  INFO 6508 --- [AsyncResolver-bootstrap-executor-0] c.n.d.s.r.aws.ConfigClusterResolver      : Resolving eureka endpoints via configuration
2021-02-21 20:49:12.014  INFO 6508 --- [AsyncResolver-bootstrap-executor-0] c.n.d.s.r.aws.ConfigClusterResolver      : Resolving eureka endpoints via configuration
2021-02-21 20:57:03.331  INFO 6508 --- [http-nio-auto-1-exec-2] c.a.p.a.a.i.c.AlbumsController           : Returning 2 albums
2021-02-21 20:57:44.769  INFO 6508 --- [AsyncResolver-bootstrap-executor-0] c.n.d.s.r.aws.ConfigClusterResolver      : Resolving eureka endpoints via configuration
2021-02-21 21:01:28.504  INFO 6508 --- [RMI TCP Connection(29)-127.0.0.1] inMXBeanRegistrar$SpringApplicationAdmin : Application shutdown requested.
2021-02-21 21:01:28.507  INFO 6508 --- [RMI TCP Connection(29)-127.0.0.1] o.s.c.n.e.s.EurekaServiceRegistry        : Unregistering application ALBUMS-WS with eureka with status DOWN
2021-02-21 21:01:28.508  WARN 6508 --- [RMI TCP Connection(29)-127.0.0.1] com.netflix.discovery.DiscoveryClient    : Saw local status change event StatusChangeEvent [timestamp=1613962888508, current=DOWN, previous=UP]
2021-02-21 21:01:28.509  INFO 6508 --- [DiscoveryClient-InstanceInfoReplicator-0] com.netflix.discovery.DiscoveryClient    : DiscoveryClient_ALBUMS-WS/albums-ws:6168f741288d698c75010817e7399a1e: registering service...
2021-02-21 21:01:28.521  INFO 6508 --- [DiscoveryClient-InstanceInfoReplicator-0] com.netflix.discovery.DiscoveryClient    : DiscoveryClient_ALBUMS-WS/albums-ws:6168f741288d698c75010817e7399a1e - registration status: 204
2021-02-21 21:01:28.522  INFO 6508 --- [RMI TCP Connection(29)-127.0.0.1] o.s.s.concurrent.ThreadPoolTaskExecutor  : Shutting down ExecutorService 'applicationTaskExecutor'
2021-02-21 21:01:28.535  INFO 6508 --- [RMI TCP Connection(29)-127.0.0.1] com.netflix.discovery.DiscoveryClient    : Shutting down DiscoveryClient ...
